C51 COMPILER V9.60.7.0   SQUARE                                                            06/05/2024 19:03:16 PAGE 1   


C51 COMPILER V9.60.7.0, COMPILATION OF MODULE SQUARE
OBJECT MODULE PLACED IN .\Objects\Square.obj
COMPILER INVOKED BY: F:\C51\BIN\C51.EXE Square.c OPTIMIZE(8,SPEED) BROWSE DEBUG OBJECTEXTEND PRINT(.\Listings\Square.lst
                    -) TABS(2) OBJECT(.\Objects\Square.obj)

line level    source

   1          #include<reg51.h>
   2          
   3          void delay(unsigned int d)
   4          { while(d--);
   5   1      }
   6          
   7          void main()
   8          { unsigned char val=0;
   9   1        while(1)
  10   1        { P2=val=~val;
  11   2          delay(1000);
  12   2        }
  13   1      }


MODULE INFORMATION:   STATIC OVERLAYABLE
   CODE SIZE        =     27    ----
   CONSTANT SIZE    =   ----    ----
   XDATA SIZE       =   ----    ----
   PDATA SIZE       =   ----    ----
   DATA SIZE        =   ----    ----
   IDATA SIZE       =   ----    ----
   BIT SIZE         =   ----    ----
END OF MODULE INFORMATION.


C51 COMPILATION COMPLETE.  0 WARNING(S),  0 ERROR(S)
