C51 COMPILER V9.60.7.0   STEPPER1                                                          06/06/2024 19:20:42 PAGE 1   


C51 COMPILER V9.60.7.0, COMPILATION OF MODULE STEPPER1
OBJECT MODULE PLACED IN .\Objects\Stepper1.obj
COMPILER INVOKED BY: F:\C51\BIN\C51.EXE Stepper1.c OPTIMIZE(8,SPEED) BROWSE DEBUG OBJECTEXTEND PRINT(.\Listings\Stepper1
                    -.lst) TABS(2) OBJECT(.\Objects\Stepper1.obj)

line level    source

   1          #include<reg51.h>
   2          
   3          void delay(unsigned long int d)
   4          { while(d--);
   5   1      }
   6          
   7          void main()
   8          {
   9   1        char arr[4]={0x0A, 0x09, 0x05, 0x06},c;
  10   1        while(1)
  11   1        { 
  12   2          for(c=0; c<4; c++)
  13   2          { P2=arr[c];
  14   3            delay(13000);
  15   3          }
  16   2          
  17   2          for(c=2; c>0; c--)
  18   2          { 
  19   3            P2=arr[c];
  20   3            delay(13000);
  21   3          }
  22   2          
  23   2        }
  24   1      }


MODULE INFORMATION:   STATIC OVERLAYABLE
   CODE SIZE        =     81    ----
   CONSTANT SIZE    =      4    ----
   XDATA SIZE       =   ----    ----
   PDATA SIZE       =   ----    ----
   DATA SIZE        =   ----       8
   IDATA SIZE       =   ----    ----
   BIT SIZE         =   ----    ----
END OF MODULE INFORMATION.


C51 COMPILATION COMPLETE.  0 WARNING(S),  0 ERROR(S)
