C51 COMPILER V9.60.7.0   HARDWARE_INT                                                      04/26/2024 19:57:56 PAGE 1   


C51 COMPILER V9.60.7.0, COMPILATION OF MODULE HARDWARE_INT
OBJECT MODULE PLACED IN .\Objects\Hardware_Int.obj
COMPILER INVOKED BY: F:\C51\BIN\C51.EXE Hardware_Int.c OPTIMIZE(8,SPEED) BROWSE DEBUG OBJECTEXTEND PRINT(.\Listings\Hard
                    -ware_Int.lst) TABS(2) OBJECT(.\Objects\Hardware_Int.obj)

line level    source

   1          #include<reg51.h>
   2          
   3          sbit LED = P2^0;
   4          
   5          void delay(unsigned int d)
   6          { while(d--);
   7   1      }
   8          
   9          void INT0_ISR() interrupt 0
  10          { LED=1;
  11   1        delay(50000);
  12   1        LED=0;
  13   1      }
  14          
  15          void main()
  16          { EA=1;
  17   1        EX0=1;
  18   1        while(1);
  19   1      }


MODULE INFORMATION:   STATIC OVERLAYABLE
   CODE SIZE        =     52    ----
   CONSTANT SIZE    =   ----    ----
   XDATA SIZE       =   ----    ----
   PDATA SIZE       =   ----    ----
   DATA SIZE        =   ----    ----
   IDATA SIZE       =   ----    ----
   BIT SIZE         =   ----    ----
END OF MODULE INFORMATION.


C51 COMPILATION COMPLETE.  0 WARNING(S),  0 ERROR(S)
