C51 COMPILER V9.60.7.0   SERIAL1                                                           05/20/2024 19:16:00 PAGE 1   


C51 COMPILER V9.60.7.0, COMPILATION OF MODULE SERIAL1
OBJECT MODULE PLACED IN .\Objects\serial1.obj
COMPILER INVOKED BY: F:\C51\BIN\C51.EXE serial1.c OPTIMIZE(8,SPEED) BROWSE DEBUG OBJECTEXTEND PRINT(.\Listings\serial1.l
                    -st) TABS(2) OBJECT(.\Objects\serial1.obj)

line level    source

   1          #include<reg51.h>
   2          void main()
   3          { char str[]="Onkar",c=0;
   4   1        TMOD=0x20;
   5   1        SCON=0x50;
   6   1        TH1=-3;
   7   1        TR1=1;
   8   1        
   9   1        for(c=0; str[c]!=0; c++)
  10   1        { 
  11   2            SBUF=str[c];
  12   2            while(TI==0);
  13   2            TI=0;
  14   2        }
  15   1        while(1);
  16   1        
  17   1      }


MODULE INFORMATION:   STATIC OVERLAYABLE
   CODE SIZE        =     51    ----
   CONSTANT SIZE    =      6    ----
   XDATA SIZE       =   ----    ----
   PDATA SIZE       =   ----    ----
   DATA SIZE        =   ----       6
   IDATA SIZE       =   ----    ----
   BIT SIZE         =   ----    ----
END OF MODULE INFORMATION.


C51 COMPILATION COMPLETE.  0 WARNING(S),  0 ERROR(S)
