C51 COMPILER V9.60.7.0   CODE                                                              04/19/2024 19:48:11 PAGE 1   


C51 COMPILER V9.60.7.0, COMPILATION OF MODULE CODE
OBJECT MODULE PLACED IN .\Objects\Code.obj
COMPILER INVOKED BY: F:\C51\BIN\C51.EXE Code.c OPTIMIZE(8,SPEED) BROWSE DEBUG OBJECTEXTEND PRINT(.\Listings\Code.lst) TA
                    -BS(2) OBJECT(.\Objects\Code.obj)

line level    source

   1          #include<reg51.h>
   2          
   3          sbit R1=P3^0;
   4          sbit R2=P3^1;
   5          sbit R3=P3^2;
   6          sbit R4=P3^3;
   7          sbit C1=P3^4;
   8          sbit C2=P3^5;
   9          sbit C3=P3^6;
  10          sbit C4=P3^7;
  11          
  12          char arr[]={0x3F, 0x06, 0x5B, 0x4F, 0x66, 0x6D, 0x7D, 0x07, 0x7F, 0x6F, 0x40, 0x00};
  13          char pass[]={1,2,3,4};
  14          
  15          void delay(unsigned long int d)
  16          { 
  17   1        while(d--);
  18   1      }
  19          
  20          void unlock(void)
  21          {
  22   1          char i=0;
  23   1          do
  24   1          {
  25   2              P2=arr[i];
  26   2              i++;
  27   2              delay(7000);
  28   2          }while(i<9);
  29   1      }
  30          
  31          char key_scan()
  32          {
  33   1          P3=0xFF;
  34   1          
  35   1          R1=0;
  36   1        
  37   1          if(C1==0)         return 7;
  38   1          else if(C2==0)    return 8;
  39   1          else if(C3==0)    return 9;
  40   1          else if(C4==0)    return '-';
  41   1          R1=1;
  42   1        
  43   1          R2=0;
  44   1        
  45   1          if(C1==0)         return 4;
  46   1          else if(C2==0)    return 5;
  47   1          else if(C3==0)    return 6;
  48   1          else if(C4==0)    return '*';
  49   1          R2=1;
  50   1        
  51   1          R3=0;
  52   1        
  53   1          if(C1==0)         return 1;
  54   1          else if(C2==0)    return 2;
C51 COMPILER V9.60.7.0   CODE                                                              04/19/2024 19:48:11 PAGE 2   

  55   1          else if(C3==0)    return 3;
  56   1          else if(C4==0)    return '-';
  57   1          R3=1;
  58   1          
  59   1          R4=0;
  60   1        
  61   1          if(C1==0)         return 'O';
  62   1          else if(C2==0)    return 0;
  63   1          else if(C3==0)    return '=';
  64   1          else if(C4==0)    return '+';
  65   1          R4=1;
  66   1          
  67   1          return 'X';
  68   1      }
  69          void main ()
  70          {
  71   1          
  72   1          char key;
  73   1        
  74   1          do
  75   1          {
  76   2            while(1)
  77   2            {
  78   3              key=key_scan();
  79   3            }while(key=='X'); 
  80   2          }
  81   1          
  82   1          if(key==pass[0])
*** ERROR C141 IN LINE 82 OF Code.c: syntax error near 'if', expected 'while'
  83   1          {
  84   1              key=key_scan();
  85   1            
  86   1              if(key==pass[1])
  87   1              {
  88   1                  key=key_scan();
  89   1                
  90   1                  if(key==pass[2])
  91   1                  {
  92   1                      key=key_scan();
  93   1                    
  94   1                      if(key==pass[3])
  95   1                      {
  96   1                          unlock();
  97   1                      }
  98   1                  }
  99   1              }
 100   1          }
 101   1          else
 102   1          {
 103   1              P2=arr[11];
 104   1          }
 105   1          
 106   1          
 107   1         }

C51 COMPILATION COMPLETE.  0 WARNING(S),  1 ERROR(S)
