C51 COMPILER V9.60.7.0   SAMPLE                                                            04/17/2024 21:16:44 PAGE 1   


C51 COMPILER V9.60.7.0, COMPILATION OF MODULE SAMPLE
OBJECT MODULE PLACED IN .\Objects\Sample.obj
COMPILER INVOKED BY: F:\C51\BIN\C51.EXE Sample.c OPTIMIZE(8,SPEED) BROWSE DEBUG OBJECTEXTEND PRINT(.\Listings\Sample.lst
                    -) TABS(2) OBJECT(.\Objects\Sample.obj)

line level    source

   1          #include<reg51.h>
   2          
   3          sbit R1=P3^0;
   4          sbit R2=P3^1;
   5          sbit R3=P3^2;
   6          sbit R4=P3^3;
   7          sbit C1=P3^4;
   8          sbit C2=P3^5;
   9          sbit C3=P3^6;
  10          sbit C4=P3^7;
  11          
  12          sbit L1=P0^0;
  13          sbit L2=P0^1;
  14          sbit L3=P0^2;
  15          sbit L4=P0^3;
  16          sbit L5=P0^4;
  17          sbit L6=P0^5;
  18          sbit L7=P0^6;
  19          sbit L8=P0^7;
  20          
  21          
  22          char scan_keys()
  23          {
  24   1          P3=0xFF;
  25   1        
  26   1          R1=0;
  27   1          if(C1==0)       return 1;
  28   1          else if(C2==0)  return 2;
  29   1          else if(C3==0)  return 3;
  30   1          else if(C4==0)  return 4;
  31   1          R1=1;
  32   1        
  33   1          R2=0;
  34   1          if(C1==0)       return 5;
  35   1          else if(C2==0)  return 6;
  36   1          else if(C3==0)  return 7;
  37   1          else if(C4==0)  return 8;
  38   1          R2=1;
  39   1        
  40   1          R3=0;
  41   1          if(C1==0)       return 9;
  42   1          else if(C2==0)  return 10;
  43   1          else if(C3==0)  return 11;
  44   1          else if(C4==0)  return 12;
  45   1          R3=1;
  46   1          
  47   1          R4=0;
  48   1          if(C1==0)       return 13;
  49   1          else if(C2==0)  return 14;
  50   1          else if(C3==0)  return 15;
  51   1          else if(C4==0)  return 16;
  52   1          R4=1;
  53   1          
  54   1          return 'X';
C51 COMPILER V9.60.7.0   SAMPLE                                                            04/17/2024 21:16:44 PAGE 2   

  55   1      }
  56          
  57          
  58          void main ()
  59          {
  60   1        char key;
  61   1        
  62   1        while(1)
  63   1        {
  64   2            do
  65   2            {
  66   3                key=scan_keys();
  67   3            }while(key=='X');
  68   2            
  69   2            P2=key; 
  70   2        }
  71   1        P0=0x00;
  72   1        
  73   1        if(key==1)      L1=1;
  74   1        else if(key==2) L2=2;
  75   1          
  76   1      }
*** WARNING C294 IN LINE 71 OF Sample.c: unreachable code


MODULE INFORMATION:   STATIC OVERLAYABLE
   CODE SIZE        =    130    ----
   CONSTANT SIZE    =   ----    ----
   XDATA SIZE       =   ----    ----
   PDATA SIZE       =   ----    ----
   DATA SIZE        =   ----    ----
   IDATA SIZE       =   ----    ----
   BIT SIZE         =   ----    ----
END OF MODULE INFORMATION.


C51 COMPILATION COMPLETE.  1 WARNING(S),  0 ERROR(S)
