C51 COMPILER V9.60.7.0   PASSWORD                                                          05/05/2024 13:56:00 PAGE 1   


C51 COMPILER V9.60.7.0, COMPILATION OF MODULE PASSWORD
OBJECT MODULE PLACED IN .\Objects\password.obj
COMPILER INVOKED BY: F:\C51\BIN\C51.EXE password.c OPTIMIZE(8,SPEED) BROWSE DEBUG OBJECTEXTEND PRINT(.\Listings\password
                    -.lst) TABS(2) OBJECT(.\Objects\password.obj)

line level    source

   1          #include<reg51.h>
   2          
   3          sbit R1=P3^0;
   4          sbit R2=P3^1;
   5          sbit R3=P3^2;
   6          sbit R4=P3^3;
   7          sbit C1=P3^4;
   8          sbit C2=P3^5;
   9          sbit C3=P3^6;
  10          sbit C4=P3^7;
  11          
  12          
  13          sbit RS=P2^0;
  14          sbit EN=P2^1;
  15          
  16          char key_scan()
  17          {
  18   1          P3=0xFF;
  19   1          
  20   1          R1=0;
  21   1        
  22   1          if(C1==0)         return 7;
  23   1          else if(C2==0)    return 8;
  24   1          else if(C3==0)    return 9;
  25   1          else if(C4==0)    return '-';
  26   1          R1=1;
  27   1        
  28   1          R2=0;
  29   1        
  30   1          if(C1==0)         return 4;
  31   1          else if(C2==0)    return 5;
  32   1          else if(C3==0)    return 6;
  33   1          else if(C4==0)    return '*';
  34   1          R2=1;
  35   1        
  36   1          R3=0;
  37   1        
  38   1          if(C1==0)         return 1;
  39   1          else if(C2==0)    return 2;
  40   1          else if(C3==0)    return 3;
  41   1          else if(C4==0)    return '-';
  42   1          R3=1;
  43   1          
  44   1          R4=0;
  45   1        
  46   1          if(C1==0)         return 'O';
  47   1          else if(C2==0)    return 0;
  48   1          else if(C3==0)    return '=';
  49   1          else if(C4==0)    return '+';
  50   1          R4=1;
  51   1          
  52   1          return 'X';
  53   1      }
  54          
C51 COMPILER V9.60.7.0   PASSWORD                                                          05/05/2024 13:56:00 PAGE 2   

  55          void delay(unsigned int d)
  56          { while(d--);
  57   1      }
  58          void cmdwrt(unsigned char cmd)
  59          { P0=cmd;
  60   1        RS=0;
  61   1        EN=1; delay(100);
  62   1        EN=0; delay(100);
  63   1      }
  64          void datawrt(unsigned char dat)
  65          { P0=dat;
  66   1        RS=1;
  67   1        EN=1; delay(100);
  68   1        EN=0; delay(100);
  69   1      }
  70          void strwrt(unsigned char *ptr)
  71          { for(  ; *ptr!=0; ptr++)
  72   1          datawrt(*ptr);
  73   1      }
  74          void lcdinit()
  75          { cmdwrt(0x38); //LCD Initialization in 8-bit mode.
  76   1        cmdwrt(0x0E); //Display ON, Cursor ON
  77   1        cmdwrt(0x06); //Cursor Autoincrement
  78   1        cmdwrt(0x01); //Clear LCD
  79   1        delay(1000);
  80   1      }
  81          
  82          void main ()
  83          {
  84   1          char key;
  85   1          bit s=0;
  86   1          lcdinit();
  87   1          cmdwrt(0x80);
  88   1         
  89   1          
  90   1        
  91   1          do
  92   1          { 
  93   2            
  94   2            if(~b=1)
*** ERROR C202 IN LINE 94 OF password.c: 'b': undefined identifier
  95   2            {
  96   3              
  97   3              key=key_scan();
  98   3            
  99   3              if(key!='X')
 100   3              {
 101   4                  datawrt(48+key);
 102   4                  
 103   4              }
 104   3              else
 105   3              {
 106   4                  datawrt(' ');
 107   4      
 108   4              }
 109   3              
 110   3            }
 111   2            
 112   2            b=0;
*** ERROR C202 IN LINE 112 OF password.c: 'b': undefined identifier
 113   2              
 114   2              
C51 COMPILER V9.60.7.0   PASSWORD                                                          05/05/2024 13:56:00 PAGE 3   

 115   2            
 116   2          }while(key!='X');
 117   1          
 118   1        
 119   1      
 120   1          
 121   1      }
 122          
 123          

C51 COMPILATION COMPLETE.  0 WARNING(S),  2 ERROR(S)
