C51 COMPILER V9.60.7.0   LCD_V1                                                            04/30/2024 20:09:02 PAGE 1   


C51 COMPILER V9.60.7.0, COMPILATION OF MODULE LCD_V1
OBJECT MODULE PLACED IN .\Objects\LCD_V1.obj
COMPILER INVOKED BY: F:\C51\BIN\C51.EXE LCD_V1.c OPTIMIZE(8,SPEED) BROWSE DEBUG OBJECTEXTEND PRINT(.\Listings\LCD_V1.lst
                    -) TABS(2) OBJECT(.\Objects\LCD_V1.obj)

line level    source

   1          #include<reg51.h>
   2          sbit RS=P2^0;
   3          sbit EN=P2^1;
   4          
   5          void delay(unsigned int d)
   6          { while(d--);
   7   1      }
   8          void cmdwrt(unsigned char cmd)
   9          { P0=cmd;
  10   1        RS=0;
  11   1        EN=1; delay(100);
  12   1        EN=0; delay(100);
  13   1      }
  14          void datawrt(unsigned char dat)
  15          { P0=dat;
  16   1        RS=1;
  17   1        EN=1; delay(100);
  18   1        EN=0; delay(100);
  19   1      }
  20          void strwrt(unsigned char *ptr)
  21          { for(  ; *ptr!=0; ptr++)
  22   1          datawrt(*ptr);
  23   1      }
  24          void lcdinit()
  25          { cmdwrt(0x38); //LCD Initialization in 8-bit mode.
  26   1        cmdwrt(0x0E); //Display ON, Cursor ON
  27   1        cmdwrt(0x06); //Cursor Autoincrement
  28   1        cmdwrt(0x01); //Clear LCD
  29   1        delay(1000);
  30   1      }
  31          void main()
  32          { char str[]="WELCOME";
  33   1        lcdinit();
  34   1        cmdwrt(0x84 );
  35   1        strwrt(str);
  36   1        cmdwrt(0xC0);
  37   1        strwrt("CDAC");
  38   1        datawrt(49);
  39   1        datawrt(0x37);
  40   1        datawrt(70);
  41   1        datawrt(0x7A);
  42   1        while(1);
  43   1      }


MODULE INFORMATION:   STATIC OVERLAYABLE
   CODE SIZE        =    167    ----
   CONSTANT SIZE    =     13    ----
   XDATA SIZE       =   ----    ----
   PDATA SIZE       =   ----    ----
   DATA SIZE        =   ----       8
   IDATA SIZE       =   ----    ----
   BIT SIZE         =   ----    ----
END OF MODULE INFORMATION.

C51 COMPILER V9.60.7.0   LCD_V1                                                            04/30/2024 20:09:02 PAGE 2   


C51 COMPILATION COMPLETE.  0 WARNING(S),  0 ERROR(S)
