C51 COMPILER V9.60.7.0   7SEGM                                                             04/17/2024 14:13:44 PAGE 1   


C51 COMPILER V9.60.7.0, COMPILATION OF MODULE 7SEGM
OBJECT MODULE PLACED IN .\Objects\7Segm.obj
COMPILER INVOKED BY: F:\C51\BIN\C51.EXE 7Segm.c OPTIMIZE(8,SPEED) BROWSE DEBUG OBJECTEXTEND PRINT(.\Listings\7Segm.lst) 
                    -TABS(2) OBJECT(.\Objects\7Segm.obj)

line level    source

   1          #include <reg51.h>
   2          
   3          sbit SW_1 = P1^0;
   4          sbit SW_2 = P1^1;
   5          sbit SW_3 = P1^2;
   6          sbit SW_4 = P1^3;
   7          sbit SW_5 = P1^4;
   8          sbit SW_6 = P1^5;
   9          sbit SW_7 = P1^6;
  10          sbit SW_8 = P1^7;
  11          
  12          void main() {
  13   1          P1 = 0xFF; // Configure port 1 as input
  14   1      
  15   1          while (1) {
  16   2              if (SW_1 == 0 && SW_2 == 0) {
  17   3                  P3 = 0x7F;
  18   3              } else if (SW_1 == 0 && SW_3 == 0) {
  19   3                  P3 = 0x6F;
  20   3              } else if (SW_1 == 0) {
  21   3                  P3 = 0x3F;
  22   3              } else if (SW_2 == 0) {
  23   3                  P3 = 0x06;
  24   3              } else if (SW_3 == 0) {
  25   3                  P3 = 0x5B;
  26   3              } else if (SW_4 == 0) {
  27   3                  P3 = 0x4F;
  28   3              } else if (SW_5 == 0) {
  29   3                  P3 = 0x66;
  30   3              } else if (SW_6 == 0) {
  31   3                  P3 = 0x6D;
  32   3              } else if (SW_7 == 0) {
  33   3                  P3 = 0x7D;
  34   3              } else if (SW_8 == 0) {
  35   3                  P3 = 0x07;
  36   3              } else {
  37   3                  P3 = 0x00; // Default state
  38   3              }
  39   2          }
  40   1      }


MODULE INFORMATION:   STATIC OVERLAYABLE
   CODE SIZE        =     94    ----
   CONSTANT SIZE    =   ----    ----
   XDATA SIZE       =   ----    ----
   PDATA SIZE       =   ----    ----
   DATA SIZE        =   ----    ----
   IDATA SIZE       =   ----    ----
   BIT SIZE         =   ----    ----
END OF MODULE INFORMATION.


C51 COMPILATION COMPLETE.  0 WARNING(S),  0 ERROR(S)
