C51 COMPILER V9.60.7.0   SERIAL_RX_INTERRUPT                                               05/21/2024 18:55:16 PAGE 1   


C51 COMPILER V9.60.7.0, COMPILATION OF MODULE SERIAL_RX_INTERRUPT
OBJECT MODULE PLACED IN .\Objects\serial_RX_Interrupt.obj
COMPILER INVOKED BY: F:\C51\BIN\C51.EXE serial_RX_Interrupt.c OPTIMIZE(8,SPEED) BROWSE DEBUG OBJECTEXTEND PRINT(.\Listin
                    -gs\serial_RX_Interrupt.lst) TABS(2) OBJECT(.\Objects\serial_RX_Interrupt.obj)

line level    source

   1          //Receive all the bytes serially on interrupt and take the necessary action.
   2          #include<reg51.h>
   3          sbit RS=P2^0;
   4          sbit EN=P2^1;
   5          
   6          bit flag=0;
   7          char arr[20]={0},c;
   8          
   9          void delay(unsigned int d)
  10          { while(d--);
  11   1      }
  12          void cmdwrt(unsigned char cmd)
  13          { P0=cmd;
  14   1        RS=0;
  15   1        EN=1; delay(100);
  16   1        EN=0; delay(100);
  17   1      }
  18          void datawrt(unsigned char dat)
  19          { P0=dat;
  20   1        RS=1;
  21   1        EN=1; delay(100);
  22   1        EN=0; delay(100);
  23   1      }
  24          void strwrt(unsigned char *ptr)
  25          { for(  ; *ptr!=0; ptr++)
  26   1          datawrt(*ptr);
  27   1      }
  28          void lcdinit()
  29          { cmdwrt(0x38); //LCD Initialization in 8-bit mode.
  30   1        cmdwrt(0x0E); //Display ON, Cursor ON
  31   1        cmdwrt(0x06); //Cursor Autoincrement
  32   1        cmdwrt(0x01); //Clear LCD
  33   1        delay(1000);
  34   1      }
  35          
  36          void serial_ISR() interrupt 4
  37          { if(RI)
  38   1        { RI=0;
  39   2          arr[c]=SBUF;
  40   2          if(arr[c]=='#')
  41   2          { flag=1;
  42   3            c=0;
  43   3          }
  44   2          else
  45   2            c++;
  46   2        }
  47   1      }
  48          
  49          void main()
  50          { char str[]="WELCOME";
  51   1        lcdinit();
  52   1        cmdwrt(0x84 );
  53   1        strwrt(str);
  54   1        cmdwrt(0xC0);
C51 COMPILER V9.60.7.0   SERIAL_RX_INTERRUPT                                               05/21/2024 18:55:16 PAGE 2   

  55   1        
  56   1        TMOD=0x20;
  57   1        SCON=0x50;
  58   1        TH1=-3;
  59   1        TR1=1;
  60   1        IE=0x90;
  61   1        SBUF=arr[0];
  62   1        while(1)
  63   1        { if(flag)
  64   2          { cmdwrt(0xC0);
  65   3            strwrt(arr);
  66   3            flag=0;
  67   3          }
  68   2        }
  69   1      }


MODULE INFORMATION:   STATIC OVERLAYABLE
   CODE SIZE        =    220    ----
   CONSTANT SIZE    =      8    ----
   XDATA SIZE       =   ----    ----
   PDATA SIZE       =   ----    ----
   DATA SIZE        =     21       8
   IDATA SIZE       =   ----    ----
   BIT SIZE         =      1    ----
END OF MODULE INFORMATION.


C51 COMPILATION COMPLETE.  0 WARNING(S),  0 ERROR(S)
