C51 COMPILER V9.60.7.0   SERIAL_TX_INTERRUPT                                               05/21/2024 18:27:31 PAGE 1   


C51 COMPILER V9.60.7.0, COMPILATION OF MODULE SERIAL_TX_INTERRUPT
OBJECT MODULE PLACED IN .\Objects\serial_TX_Interrupt.obj
COMPILER INVOKED BY: F:\C51\BIN\C51.EXE serial_TX_Interrupt.c OPTIMIZE(8,SPEED) BROWSE DEBUG OBJECTEXTEND PRINT(.\Listin
                    -gs\serial_TX_Interrupt.lst) TABS(2) OBJECT(.\Objects\serial_TX_Interrupt.obj)

line level    source

   1          #include<reg51.h>
   2          
   3          char arr[5]="ABCDE",c;
   4          
   5          void serial_ISR() interrupt 4
   6          { if(TI)
   7   1        { TI=0;
   8   2          c++;
   9   2          if(c<5)
  10   2            SBUF=arr[c];
  11   2          else
  12   2          { P2=0xAA;
  13   3            IE=0;
  14   3          }
  15   2        }
  16   1      }
  17          
  18          void main()
  19          { TMOD=0x20;
  20   1        SCON=0x50;
  21   1        TH1=-3;
  22   1        TR1=1;
  23   1        IE=0x90;
  24   1        SBUF=arr[0];
  25   1        while(1);
  26   1      }


MODULE INFORMATION:   STATIC OVERLAYABLE
   CODE SIZE        =     67    ----
   CONSTANT SIZE    =   ----    ----
   XDATA SIZE       =   ----    ----
   PDATA SIZE       =   ----    ----
   DATA SIZE        =      6    ----
   IDATA SIZE       =   ----    ----
   BIT SIZE         =   ----    ----
END OF MODULE INFORMATION.


C51 COMPILATION COMPLETE.  0 WARNING(S),  0 ERROR(S)
