C51 COMPILER V9.60.7.0   ALL_COMPONENT                                                     04/18/2024 12:21:38 PAGE 1   


C51 COMPILER V9.60.7.0, COMPILATION OF MODULE ALL_COMPONENT
OBJECT MODULE PLACED IN .\Objects\All_Component.obj
COMPILER INVOKED BY: F:\C51\BIN\C51.EXE All_Component.c OPTIMIZE(8,SPEED) BROWSE DEBUG OBJECTEXTEND PRINT(.\Listings\All
                    -_Component.lst) TABS(2) OBJECT(.\Objects\All_Component.obj)

line level    source

   1          #include<reg51.h>
   2          
   3          sbit R1=P3^0;
   4          sbit R2=P3^1;
   5          sbit R3=P3^2;
   6          sbit R4=P3^3;
   7          sbit C1=P3^4;
   8          sbit C2=P3^5;
   9          sbit C3=P3^6;
  10          sbit C4=P3^7;
  11          
  12          char arr[]={0x3F, 0x06, 0x5B, 0x4F, 0x66, 0x6D, 0x7D, 0x07, 0x7F, 0x6F};
  13          
  14          char key_scan()
  15          {
  16   1         P3=0xFF;
  17   1        
  18   1         R1=0;
  19   1         if(C1==0)      return 7;
  20   1         else if(C2==0) return 4;
  21   1         else if(C3==0) return 8;
  22   1         else if(C4==0) return '-';
  23   1         R1=1;
  24   1        
  25   1         R2=0;
  26   1         if(C1==0)      return 4;
  27   1         else if(C2==0) return 5;
  28   1         else if(C3==0) return 6;
  29   1         else if(C4==0) return '*';
  30   1         R2=1;
  31   1        
  32   1         R3=0;
  33   1         if(C1==0)      return 1;
  34   1         else if(C2==0) return 2;
  35   1         else if(C3==0) return 3;
  36   1         else if(C4==0) return '-';
  37   1         R3=1;
  38   1        
  39   1         R4=0;
  40   1         if(C1==0)      return 'O';
  41   1         else if(C2==0) return 0;
  42   1         else if(C3==0) return '=';
  43   1         else if(C4==0) return '+';
  44   1         R4=1;
  45   1         
  46   1         return 'X'; 
  47   1      }
  48          
  49          void main ()
  50          {
  51   1          char key;
  52   1         
  53   1      
  54   1          while(1)
C51 COMPILER V9.60.7.0   ALL_COMPONENT                                                     04/18/2024 12:21:38 PAGE 2   

  55   1          {
  56   2              do
  57   2              {
  58   3                key=key_scan();
  59   3                
  60   3              }while(key=='X');
  61   2              
  62   2              P0=P2=key;
  63   2            
  64   2              P1=arr[key]; // for the seven segment display
  65   2          } 
  66   1      }


MODULE INFORMATION:   STATIC OVERLAYABLE
   CODE SIZE        =    141    ----
   CONSTANT SIZE    =   ----    ----
   XDATA SIZE       =   ----    ----
   PDATA SIZE       =   ----    ----
   DATA SIZE        =     10    ----
   IDATA SIZE       =   ----    ----
   BIT SIZE         =   ----    ----
END OF MODULE INFORMATION.


C51 COMPILATION COMPLETE.  0 WARNING(S),  0 ERROR(S)
