C51 COMPILER V9.60.7.0   4_DIGIT                                                           04/22/2024 18:38:25 PAGE 1   


C51 COMPILER V9.60.7.0, COMPILATION OF MODULE 4_DIGIT
OBJECT MODULE PLACED IN .\Objects\4_digit.obj
COMPILER INVOKED BY: F:\C51\BIN\C51.EXE 4_digit.c OPTIMIZE(8,SPEED) BROWSE DEBUG OBJECTEXTEND PRINT(.\Listings\4_digit.l
                    -st) TABS(2) OBJECT(.\Objects\4_digit.obj)

line level    source

   1          #include<reg51.h>
   2          
   3          char arr[]={0x3F, 0x06, 0x5B, 0x4F, 0x66, 0x6D, 0x7D, 0x07, 0x7F, 0x6F};
   4          
   5          sbit D1=P3^0;
   6          sbit D2=P3^1;
   7          sbit D3=P3^2;
   8          sbit D4=P3^3;
   9          
  10          void delay(unsigned int d)
  11          { while(d--);
  12   1      }
  13          
  14          void main ()
  15          {
  16   1        int n,n1,count; 
  17   1        char c, dig[5];
  18   1      
  19   1        while(1)
  20   1        { for(n=1; n<1000; n++)
  21   2          { n1=n;
  22   3            for(c=0; n1>0; c++)
  23   3            { dig[c]=n1%10;
  24   4              n1/=10;
  25   4            }
  26   3            for(count=0; count<100; count++)
  27   3            { P2=arr[dig[3]];
  28   4              D1=0; delay(10);  D1=1;
  29   4              
  30   4              P2=arr[dig[2]];
  31   4              D2=0; delay(10);  D2=1;
  32   4              
  33   4              P2=arr[dig[1]];
  34   4              D3=0; delay(10);  D3=1;
  35   4              
  36   4              P2=arr[dig[0]];
  37   4              D4=0; delay(10);  D4=1;
  38   4              
  39   4            }
  40   3            
  41   3            
  42   3            
  43   3            
  44   3            
  45   3            
  46   3            
  47   3            
  48   3            
  49   3            
  50   3            
  51   3            
  52   3          }
  53   2        }
  54   1      
C51 COMPILER V9.60.7.0   4_DIGIT                                                           04/22/2024 18:38:25 PAGE 2   

  55   1        
  56   1        
  57   1      }


MODULE INFORMATION:   STATIC OVERLAYABLE
   CODE SIZE        =    169    ----
   CONSTANT SIZE    =   ----    ----
   XDATA SIZE       =   ----    ----
   PDATA SIZE       =   ----    ----
   DATA SIZE        =     10       8
   IDATA SIZE       =   ----    ----
   BIT SIZE         =   ----    ----
END OF MODULE INFORMATION.


C51 COMPILATION COMPLETE.  0 WARNING(S),  0 ERROR(S)
