C51 COMPILER V9.60.7.0   SIMPLE_LED                                                        04/17/2024 11:31:06 PAGE 1   


C51 COMPILER V9.60.7.0, COMPILATION OF MODULE SIMPLE_LED
OBJECT MODULE PLACED IN .\Objects\Simple_Led.obj
COMPILER INVOKED BY: F:\C51\BIN\C51.EXE Simple_Led.c OPTIMIZE(8,SPEED) BROWSE DEBUG OBJECTEXTEND PRINT(.\Listings\Simple
                    -_Led.lst) TABS(2) OBJECT(.\Objects\Simple_Led.obj)

line level    source

   1          #include <reg51.h>
   2          
   3          sbit Switch = P1^0;
   4          sbit LED = P3^0;
   5          
   6          void main() {
   7   1          
   8   1          while (1) {
   9   2              if (Switch == 0) { 
  10   3                  LED = 1;       
  11   3              } else {
  12   3                  LED = 0;       
  13   3              }
  14   2          }
  15   1      }


MODULE INFORMATION:   STATIC OVERLAYABLE
   CODE SIZE        =     11    ----
   CONSTANT SIZE    =   ----    ----
   XDATA SIZE       =   ----    ----
   PDATA SIZE       =   ----    ----
   DATA SIZE        =   ----    ----
   IDATA SIZE       =   ----    ----
   BIT SIZE         =   ----    ----
END OF MODULE INFORMATION.


C51 COMPILATION COMPLETE.  0 WARNING(S),  0 ERROR(S)
