C51 COMPILER V9.60.7.0   TIMER_V1                                                          04/25/2024 15:20:43 PAGE 1   


C51 COMPILER V9.60.7.0, COMPILATION OF MODULE TIMER_V1
OBJECT MODULE PLACED IN .\Objects\Timer_V1.obj
COMPILER INVOKED BY: F:\C51\BIN\C51.EXE Timer_V1.c OPTIMIZE(8,SPEED) BROWSE DEBUG OBJECTEXTEND PRINT(.\Listings\Timer_V1
                    -.lst) TABS(2) OBJECT(.\Objects\Timer_V1.obj)

line level    source

   1          #include<reg51.h>
   2          
   3          sbit LED=P2^0;
   4          
   5          void delay_50ms( char d)
   6          { TMOD=0x01;    
   7   1        for(  ; d>0; d--)
   8   1        { TH0=0x4C;
   9   2          TL0=0x00;
  10   2          TR0=1;    //STart the Timer 0.
  11   2          while(TF0==0);
  12   2          TR0=0;  //STop the timer 0.
  13   2          TF0=0;  //Clear the Timer flag.
  14   2        }
  15   1      }
  16          
  17          void main()
  18          { bit b;
  19   1        while(1)
  20   1        { LED=b=~b;
  21   2          delay_50ms(20);
  22   2        }
  23   1      }


MODULE INFORMATION:   STATIC OVERLAYABLE
   CODE SIZE        =     44    ----
   CONSTANT SIZE    =   ----    ----
   XDATA SIZE       =   ----    ----
   PDATA SIZE       =   ----    ----
   DATA SIZE        =   ----    ----
   IDATA SIZE       =   ----    ----
   BIT SIZE         =   ----       1
END OF MODULE INFORMATION.


C51 COMPILATION COMPLETE.  0 WARNING(S),  0 ERROR(S)
